<?xml version="1.0" encoding="UTF-8"?>
<testsuite xmlns:xsi="http://www.w3.org/2001/XMLSchema-instance" xsi:noNamespaceSchemaLocation="https://maven.apache.org/surefire/maven-surefire-plugin/xsd/surefire-test-report.xsd" name="com.vytrack.runners.CukesRunner" time="518.925" tests="18" errors="1" skipped="0" failures="0">
  <properties>
[...]
</properties>
  <testcase name="page titles with different users" classname="Login" time="26.186"/>
  <testcase name="page titles with different users" classname="Login" time="24.55"/>
  <testcase name="page titles with different users" classname="Login" time="24.556"/>
  <testcase name="page titles with different users" classname="Login" time="24.368"/>
  <testcase name="page titles with different users" classname="Login" time="24.344"/>
  <testcase name="page titles with different users" classname="Login" time="25.881"/>
  <testcase name="page titles with different users" classname="Login" time="27.922"/>
  <testcase name="page titles with different users" classname="Login" time="27.838"/>
  <testcase name="page titles with different users" classname="Login" time="27.908"/>
  <testcase name="page titles with different users" classname="Login" time="27.807"/>
  <testcase name="page titles with different users" classname="Login" time="27.857"/>
  <testcase name="page titles with different users" classname="Login" time="27.818"/>
  <testcase name="page titles with different users" classname="Login" time="27.888"/>
  <testcase name="page titles with different users" classname="Login" time="62.102">
    <error message="chrome not reachable&#10;Build info: version: &apos;3.141.59&apos;, revision: &apos;e82be7d358&apos;, time: &apos;2018-11-14T08:17:03&apos;&#10;System info: host: &apos;Batyrs-MacBook-Pro.local&apos;, ip: &apos;2601:600:8080:2109:69ff:baf6:e46e:f3ed%en0&apos;, os.name: &apos;Mac OS X&apos;, os.arch: &apos;x86_64&apos;, os.version: &apos;10.14.6&apos;, java.version: &apos;11.0.2&apos;&#10;Driver info: driver.version: Driver&#10;remote stacktrace: 0   chromedriver                        0x0000000100974129 chromedriver + 3649833&#10;1   chromedriver                        0x0000000100904133 chromedriver + 3191091&#10;2   chromedriver                        0x00000001006a4b42 chromedriver + 703298&#10;3   chromedriver                        0x0000000100699c09 chromedriver + 658441&#10;4   chromedriver                        0x00000001006104ed chromedriver + 95469&#10;5   chromedriver                        0x000000010060c6a8 chromedriver + 79528&#10;6   chromedriver                        0x0000000100639179 chromedriver + 262521&#10;7   chromedriver                        0x0000000100636793 chromedriver + 251795&#10;8   chromedriver                        0x00000001006127e2 chromedriver + 104418&#10;9   chromedriver                        0x00000001006138a5 chromedriver + 108709&#10;10  chromedriver                        0x0000000100931c1f chromedriver + 3378207&#10;11  chromedriver                        0x000000010093d940 chromedriver + 3426624&#10;12  chromedriver                        0x000000010093d6d8 chromedriver + 3426008&#10;13  chromedriver                        0x0000000100912069 chromedriver + 3248233&#10;14  chromedriver                        0x000000010093e1b8 chromedriver + 3428792&#10;15  chromedriver                        0x0000000100925f07 chromedriver + 3329799&#10;16  chromedriver                        0x000000010095b014 chromedriver + 3547156&#10;17  chromedriver                        0x0000000100979e67 chromedriver + 3673703&#10;18  libsystem_pthread.dylib             0x00007fff72ed12eb _pthread_body + 126&#10;19  libsystem_pthread.dylib             0x00007fff72ed4249 _pthread_start + 66&#10;20  libsystem_pthread.dylib             0x00007fff72ed040d thread_start + 13&#10;" type="org.openqa.selenium.WebDriverException">org.openqa.selenium.WebDriverException: 
chrome not reachable
Build info: version: '3.141.59', revision: 'e82be7d358', time: '2018-11-14T08:17:03'
System info: host: 'Batyrs-MacBook-Pro.local', ip: '2601:600:8080:2109:69ff:baf6:e46e:f3ed%en0', os.name: 'Mac OS X', os.arch: 'x86_64', os.version: '10.14.6', java.version: '11.0.2'
Driver info: driver.version: Driver
remote stacktrace: 0   chromedriver                        0x0000000100974129 chromedriver + 3649833
1   chromedriver                        0x0000000100904133 chromedriver + 3191091
2   chromedriver                        0x00000001006a4b42 chromedriver + 703298
3   chromedriver                        0x0000000100699c09 chromedriver + 658441
4   chromedriver                        0x00000001006104ed chromedriver + 95469
5   chromedriver                        0x000000010060c6a8 chromedriver + 79528
6   chromedriver                        0x0000000100639179 chromedriver + 262521
7   chromedriver                        0x0000000100636793 chromedriver + 251795
8   chromedriver                        0x00000001006127e2 chromedriver + 104418
9   chromedriver                        0x00000001006138a5 chromedriver + 108709
10  chromedriver                        0x0000000100931c1f chromedriver + 3378207
11  chromedriver                        0x000000010093d940 chromedriver + 3426624
12  chromedriver                        0x000000010093d6d8 chromedriver + 3426008
13  chromedriver                        0x0000000100912069 chromedriver + 3248233
14  chromedriver                        0x000000010093e1b8 chromedriver + 3428792
15  chromedriver                        0x0000000100925f07 chromedriver + 3329799
16  chromedriver                        0x000000010095b014 chromedriver + 3547156
17  chromedriver                        0x0000000100979e67 chromedriver + 3673703
18  libsystem_pthread.dylib             0x00007fff72ed12eb _pthread_body + 126
19  libsystem_pthread.dylib             0x00007fff72ed4249 _pthread_start + 66
20  libsystem_pthread.dylib             0x00007fff72ed040d thread_start + 13

</error>
    <system-out><![CDATA[[@login_with_outline_3, @VYT-4121]
page titles with different users
BEFORE
AFTER
]]></system-out>
    <system-err><![CDATA[[main] INFO io.github.bonigarcia.wdm.WebDriverManager - Using chromedriver 76.0.3809.68 (since Google Chrome 76 is installed in your machine)
[main] INFO io.github.bonigarcia.wdm.WebDriverManager - Exporting webdriver.chrome.driver as /Users/batyrjany/.m2/repository/webdriver/chromedriver/mac64/76.0.3809.68/chromedriver
Starting ChromeDriver 76.0.3809.68 (420c9498db8ce8fcd190a954d51297672c1515d5-refs/branch-heads/3809@{#864}) on port 6102
Only local connections are allowed.
Please protect ports used by ChromeDriver and related test frameworks to prevent access by malicious code.
[main] INFO io.github.bonigarcia.wdm.WebDriverManager - Using chromedriver 76.0.3809.68 (since Google Chrome 76 is installed in your machine)
[main] INFO io.github.bonigarcia.wdm.WebDriverManager - Exporting webdriver.chrome.driver as /Users/batyrjany/.m2/repository/webdriver/chromedriver/mac64/76.0.3809.68/chromedriver
Starting ChromeDriver 76.0.3809.68 (420c9498db8ce8fcd190a954d51297672c1515d5-refs/branch-heads/3809@{#864}) on port 47272
Only local connections are allowed.
Please protect ports used by ChromeDriver and related test frameworks to prevent access by malicious code.
Aug 18, 2019 2:12:00 PM org.openqa.selenium.remote.ProtocolHandshake createSession
INFO: Detected dialect: W3C
]]></system-err>
  </testcase>
  <testcase name="page titles with different users" classname="Login" time="27.813"/>
  <testcase name="page titles with different users" classname="Login" time="27.916"/>
  <testcase name="page titles with different users" classname="Login" time="27.859"/>
  <testcase name="page titles with different users" classname="Login" time="27.913"/>
</testsuite>